<?xml version="1.0" encoding="UTF-8"?>
<testsuite xmlns:xsi="http://www.w3.org/2001/XMLSchema-instance" xsi:noNamespaceSchemaLocation="https://maven.apache.org/surefire/maven-surefire-plugin/xsd/surefire-test-report.xsd" name="com.example.blog2.Blog2ApplicationTests" time="9.474" tests="1" errors="0" skipped="0" failures="0">
  <properties>
    <property name="sun.desktop" value="windows"/>
    <property name="awt.toolkit" value="sun.awt.windows.WToolkit"/>
    <property name="file.encoding.pkg" value="sun.io"/>
    <property name="java.specification.version" value="1.8"/>
    <property name="sun.cpu.isalist" value="amd64"/>
    <property name="sun.jnu.encoding" value="GBK"/>
    <property name="java.class.path" value="E:\JavaProject\myblog-backend-master\myblog-backend-master\target\test-classes;E:\JavaProject\myblog-backend-master\myblog-backend-master\target\classes;E:\apache-maven-3.6.1\maven_repository\org\springframework\boot\spring-boot-starter-jdbc\2.4.4\spring-boot-starter-jdbc-2.4.4.jar;E:\apache-maven-3.6.1\maven_repository\org\springframework\boot\spring-boot-starter\2.4.4\spring-boot-starter-2.4.4.jar;E:\apache-maven-3.6.1\maven_repository\org\springframework\boot\spring-boot-starter-logging\2.4.4\spring-boot-starter-logging-2.4.4.jar;E:\apache-maven-3.6.1\maven_repository\ch\qos\logback\logback-classic\1.2.3\logback-classic-1.2.3.jar;E:\apache-maven-3.6.1\maven_repository\ch\qos\logback\logback-core\1.2.3\logback-core-1.2.3.jar;E:\apache-maven-3.6.1\maven_repository\org\apache\logging\log4j\log4j-to-slf4j\2.13.3\log4j-to-slf4j-2.13.3.jar;E:\apache-maven-3.6.1\maven_repository\org\apache\logging\log4j\log4j-api\2.13.3\log4j-api-2.13.3.jar;E:\apache-maven-3.6.1\maven_repository\org\slf4j\jul-to-slf4j\1.7.30\jul-to-slf4j-1.7.30.jar;E:\apache-maven-3.6.1\maven_repository\jakarta\annotation\jakarta.annotation-api\1.3.5\jakarta.annotation-api-1.3.5.jar;E:\apache-maven-3.6.1\maven_repository\org\yaml\snakeyaml\1.27\snakeyaml-1.27.jar;E:\apache-maven-3.6.1\maven_repository\com\zaxxer\HikariCP\3.4.5\HikariCP-3.4.5.jar;E:\apache-maven-3.6.1\maven_repository\org\springframework\spring-jdbc\5.3.5\spring-jdbc-5.3.5.jar;E:\apache-maven-3.6.1\maven_repository\org\springframework\spring-beans\5.3.5\spring-beans-5.3.5.jar;E:\apache-maven-3.6.1\maven_repository\org\springframework\spring-tx\5.3.5\spring-tx-5.3.5.jar;E:\apache-maven-3.6.1\maven_repository\org\springframework\boot\spring-boot-starter-web\2.4.4\spring-boot-starter-web-2.4.4.jar;E:\apache-maven-3.6.1\maven_repository\org\springframework\boot\spring-boot-starter-json\2.4.4\spring-boot-starter-json-2.4.4.jar;E:\apache-maven-3.6.1\maven_repository\com\fasterxml\jackson\datatype\jackson-datatype-jdk8\2.11.4\jackson-datatype-jdk8-2.11.4.jar;E:\apache-maven-3.6.1\maven_repository\com\fasterxml\jackson\datatype\jackson-datatype-jsr310\2.11.4\jackson-datatype-jsr310-2.11.4.jar;E:\apache-maven-3.6.1\maven_repository\com\fasterxml\jackson\module\jackson-module-parameter-names\2.11.4\jackson-module-parameter-names-2.11.4.jar;E:\apache-maven-3.6.1\maven_repository\org\springframework\boot\spring-boot-starter-tomcat\2.4.4\spring-boot-starter-tomcat-2.4.4.jar;E:\apache-maven-3.6.1\maven_repository\org\apache\tomcat\embed\tomcat-embed-core\9.0.44\tomcat-embed-core-9.0.44.jar;E:\apache-maven-3.6.1\maven_repository\org\glassfish\jakarta.el\3.0.3\jakarta.el-3.0.3.jar;E:\apache-maven-3.6.1\maven_repository\org\apache\tomcat\embed\tomcat-embed-websocket\9.0.44\tomcat-embed-websocket-9.0.44.jar;E:\apache-maven-3.6.1\maven_repository\org\springframework\spring-web\5.3.5\spring-web-5.3.5.jar;E:\apache-maven-3.6.1\maven_repository\org\springframework\spring-webmvc\5.3.5\spring-webmvc-5.3.5.jar;E:\apache-maven-3.6.1\maven_repository\org\springframework\spring-context\5.3.5\spring-context-5.3.5.jar;E:\apache-maven-3.6.1\maven_repository\org\springframework\spring-expression\5.3.5\spring-expression-5.3.5.jar;E:\apache-maven-3.6.1\maven_repository\org\springframework\boot\spring-boot-starter-aop\2.4.4\spring-boot-starter-aop-2.4.4.jar;E:\apache-maven-3.6.1\maven_repository\org\springframework\spring-aop\5.3.5\spring-aop-5.3.5.jar;E:\apache-maven-3.6.1\maven_repository\com\baomidou\mybatisplus-spring-boot-starter\1.0.5\mybatisplus-spring-boot-starter-1.0.5.jar;E:\apache-maven-3.6.1\maven_repository\org\springframework\boot\spring-boot-autoconfigure\2.4.4\spring-boot-autoconfigure-2.4.4.jar;E:\apache-maven-3.6.1\maven_repository\org\springframework\boot\spring-boot-configuration-processor\2.4.4\spring-boot-configuration-processor-2.4.4.jar;E:\apache-maven-3.6.1\maven_repository\com\baomidou\mybatis-plus-boot-starter\3.4.0\mybatis-plus-boot-starter-3.4.0.jar;E:\apache-maven-3.6.1\maven_repository\com\baomidou\mybatis-plus\3.4.0\mybatis-plus-3.4.0.jar;E:\apache-maven-3.6.1\maven_repository\com\baomidou\mybatis-plus-core\3.4.0\mybatis-plus-core-3.4.0.jar;E:\apache-maven-3.6.1\maven_repository\com\github\jsqlparser\jsqlparser\3.2\jsqlparser-3.2.jar;E:\apache-maven-3.6.1\maven_repository\org\mybatis\mybatis\3.5.5\mybatis-3.5.5.jar;E:\apache-maven-3.6.1\maven_repository\com\baomidou\mybatis-plus-annotation\3.4.0\mybatis-plus-annotation-3.4.0.jar;E:\apache-maven-3.6.1\maven_repository\com\baomidou\mybatis-plus-extension\3.4.0\mybatis-plus-extension-3.4.0.jar;E:\apache-maven-3.6.1\maven_repository\org\mybatis\mybatis-spring\2.0.5\mybatis-spring-2.0.5.jar;E:\apache-maven-3.6.1\maven_repository\mysql\mysql-connector-java\8.0.23\mysql-connector-java-8.0.23.jar;E:\apache-maven-3.6.1\maven_repository\org\springframework\boot\spring-boot-starter-test\2.4.4\spring-boot-starter-test-2.4.4.jar;E:\apache-maven-3.6.1\maven_repository\org\springframework\boot\spring-boot-test\2.4.4\spring-boot-test-2.4.4.jar;E:\apache-maven-3.6.1\maven_repository\org\springframework\boot\spring-boot-test-autoconfigure\2.4.4\spring-boot-test-autoconfigure-2.4.4.jar;E:\apache-maven-3.6.1\maven_repository\com\jayway\jsonpath\json-path\2.4.0\json-path-2.4.0.jar;E:\apache-maven-3.6.1\maven_repository\net\minidev\json-smart\2.3\json-smart-2.3.jar;E:\apache-maven-3.6.1\maven_repository\net\minidev\accessors-smart\1.2\accessors-smart-1.2.jar;E:\apache-maven-3.6.1\maven_repository\org\ow2\asm\asm\5.0.4\asm-5.0.4.jar;E:\apache-maven-3.6.1\maven_repository\jakarta\xml\bind\jakarta.xml.bind-api\2.3.3\jakarta.xml.bind-api-2.3.3.jar;E:\apache-maven-3.6.1\maven_repository\jakarta\activation\jakarta.activation-api\1.2.2\jakarta.activation-api-1.2.2.jar;E:\apache-maven-3.6.1\maven_repository\org\assertj\assertj-core\3.18.1\assertj-core-3.18.1.jar;E:\apache-maven-3.6.1\maven_repository\org\hamcrest\hamcrest\2.2\hamcrest-2.2.jar;E:\apache-maven-3.6.1\maven_repository\org\junit\jupiter\junit-jupiter\5.7.1\junit-jupiter-5.7.1.jar;E:\apache-maven-3.6.1\maven_repository\org\junit\jupiter\junit-jupiter-api\5.7.1\junit-jupiter-api-5.7.1.jar;E:\apache-maven-3.6.1\maven_repository\org\apiguardian\apiguardian-api\1.1.0\apiguardian-api-1.1.0.jar;E:\apache-maven-3.6.1\maven_repository\org\opentest4j\opentest4j\1.2.0\opentest4j-1.2.0.jar;E:\apache-maven-3.6.1\maven_repository\org\junit\platform\junit-platform-commons\1.7.1\junit-platform-commons-1.7.1.jar;E:\apache-maven-3.6.1\maven_repository\org\junit\jupiter\junit-jupiter-params\5.7.1\junit-jupiter-params-5.7.1.jar;E:\apache-maven-3.6.1\maven_repository\org\junit\jupiter\junit-jupiter-engine\5.7.1\junit-jupiter-engine-5.7.1.jar;E:\apache-maven-3.6.1\maven_repository\org\junit\platform\junit-platform-engine\1.7.1\junit-platform-engine-1.7.1.jar;E:\apache-maven-3.6.1\maven_repository\org\mockito\mockito-core\3.6.28\mockito-core-3.6.28.jar;E:\apache-maven-3.6.1\maven_repository\net\bytebuddy\byte-buddy\1.10.22\byte-buddy-1.10.22.jar;E:\apache-maven-3.6.1\maven_repository\net\bytebuddy\byte-buddy-agent\1.10.22\byte-buddy-agent-1.10.22.jar;E:\apache-maven-3.6.1\maven_repository\org\objenesis\objenesis\3.1\objenesis-3.1.jar;E:\apache-maven-3.6.1\maven_repository\org\mockito\mockito-junit-jupiter\3.6.28\mockito-junit-jupiter-3.6.28.jar;E:\apache-maven-3.6.1\maven_repository\org\skyscreamer\jsonassert\1.5.0\jsonassert-1.5.0.jar;E:\apache-maven-3.6.1\maven_repository\com\vaadin\external\google\android-json\0.0.20131108.vaadin1\android-json-0.0.20131108.vaadin1.jar;E:\apache-maven-3.6.1\maven_repository\org\springframework\spring-core\5.3.5\spring-core-5.3.5.jar;E:\apache-maven-3.6.1\maven_repository\org\springframework\spring-jcl\5.3.5\spring-jcl-5.3.5.jar;E:\apache-maven-3.6.1\maven_repository\org\springframework\spring-test\5.3.5\spring-test-5.3.5.jar;E:\apache-maven-3.6.1\maven_repository\org\xmlunit\xmlunit-core\2.7.0\xmlunit-core-2.7.0.jar;E:\apache-maven-3.6.1\maven_repository\com\atlassian\commonmark\commonmark\0.10.0\commonmark-0.10.0.jar;E:\apache-maven-3.6.1\maven_repository\com\atlassian\commonmark\commonmark-ext-heading-anchor\0.10.0\commonmark-ext-heading-anchor-0.10.0.jar;E:\apache-maven-3.6.1\maven_repository\com\atlassian\commonmark\commonmark-ext-gfm-tables\0.10.0\commonmark-ext-gfm-tables-0.10.0.jar;E:\apache-maven-3.6.1\maven_repository\org\springframework\boot\spring-boot-devtools\2.4.4\spring-boot-devtools-2.4.4.jar;E:\apache-maven-3.6.1\maven_repository\org\springframework\boot\spring-boot\2.4.4\spring-boot-2.4.4.jar;E:\apache-maven-3.6.1\maven_repository\org\aspectj\aspectjweaver\1.8.5\aspectjweaver-1.8.5.jar;E:\apache-maven-3.6.1\maven_repository\org\springframework\boot\spring-boot-starter-data-jpa\2.4.4\spring-boot-starter-data-jpa-2.4.4.jar;E:\apache-maven-3.6.1\maven_repository\jakarta\transaction\jakarta.transaction-api\1.3.3\jakarta.transaction-api-1.3.3.jar;E:\apache-maven-3.6.1\maven_repository\jakarta\persistence\jakarta.persistence-api\2.2.3\jakarta.persistence-api-2.2.3.jar;E:\apache-maven-3.6.1\maven_repository\org\hibernate\hibernate-core\5.4.29.Final\hibernate-core-5.4.29.Final.jar;E:\apache-maven-3.6.1\maven_repository\org\jboss\logging\jboss-logging\3.4.1.Final\jboss-logging-3.4.1.Final.jar;E:\apache-maven-3.6.1\maven_repository\org\javassist\javassist\3.27.0-GA\javassist-3.27.0-GA.jar;E:\apache-maven-3.6.1\maven_repository\antlr\antlr\2.7.7\antlr-2.7.7.jar;E:\apache-maven-3.6.1\maven_repository\org\jboss\jandex\2.2.3.Final\jandex-2.2.3.Final.jar;E:\apache-maven-3.6.1\maven_repository\org\dom4j\dom4j\2.1.3\dom4j-2.1.3.jar;E:\apache-maven-3.6.1\maven_repository\org\hibernate\common\hibernate-commons-annotations\5.1.2.Final\hibernate-commons-annotations-5.1.2.Final.jar;E:\apache-maven-3.6.1\maven_repository\org\glassfish\jaxb\jaxb-runtime\2.3.3\jaxb-runtime-2.3.3.jar;E:\apache-maven-3.6.1\maven_repository\org\glassfish\jaxb\txw2\2.3.3\txw2-2.3.3.jar;E:\apache-maven-3.6.1\maven_repository\com\sun\istack\istack-commons-runtime\3.0.11\istack-commons-runtime-3.0.11.jar;E:\apache-maven-3.6.1\maven_repository\com\sun\activation\jakarta.activation\1.2.2\jakarta.activation-1.2.2.jar;E:\apache-maven-3.6.1\maven_repository\org\springframework\data\spring-data-jpa\2.4.6\spring-data-jpa-2.4.6.jar;E:\apache-maven-3.6.1\maven_repository\org\springframework\data\spring-data-commons\2.4.6\spring-data-commons-2.4.6.jar;E:\apache-maven-3.6.1\maven_repository\org\springframework\spring-orm\5.3.5\spring-orm-5.3.5.jar;E:\apache-maven-3.6.1\maven_repository\org\springframework\spring-aspects\5.3.5\spring-aspects-5.3.5.jar;E:\apache-maven-3.6.1\maven_repository\javax\validation\validation-api\2.0.1.Final\validation-api-2.0.1.Final.jar;E:\apache-maven-3.6.1\maven_repository\com\google\code\gson\gson\2.8.5\gson-2.8.5.jar;E:\apache-maven-3.6.1\maven_repository\org\jsoup\jsoup\1.10.2\jsoup-1.10.2.jar;E:\apache-maven-3.6.1\maven_repository\org\projectlombok\lombok\1.18.4\lombok-1.18.4.jar;E:\apache-maven-3.6.1\maven_repository\io\springfox\springfox-swagger2\2.7.0\springfox-swagger2-2.7.0.jar;E:\apache-maven-3.6.1\maven_repository\io\swagger\swagger-annotations\1.5.13\swagger-annotations-1.5.13.jar;E:\apache-maven-3.6.1\maven_repository\io\swagger\swagger-models\1.5.13\swagger-models-1.5.13.jar;E:\apache-maven-3.6.1\maven_repository\com\fasterxml\jackson\core\jackson-annotations\2.11.4\jackson-annotations-2.11.4.jar;E:\apache-maven-3.6.1\maven_repository\io\springfox\springfox-spi\2.7.0\springfox-spi-2.7.0.jar;E:\apache-maven-3.6.1\maven_repository\io\springfox\springfox-core\2.7.0\springfox-core-2.7.0.jar;E:\apache-maven-3.6.1\maven_repository\io\springfox\springfox-schema\2.7.0\springfox-schema-2.7.0.jar;E:\apache-maven-3.6.1\maven_repository\io\springfox\springfox-swagger-common\2.7.0\springfox-swagger-common-2.7.0.jar;E:\apache-maven-3.6.1\maven_repository\io\springfox\springfox-spring-web\2.7.0\springfox-spring-web-2.7.0.jar;E:\apache-maven-3.6.1\maven_repository\org\reflections\reflections\0.9.11\reflections-0.9.11.jar;E:\apache-maven-3.6.1\maven_repository\com\google\guava\guava\18.0\guava-18.0.jar;E:\apache-maven-3.6.1\maven_repository\com\fasterxml\classmate\1.5.1\classmate-1.5.1.jar;E:\apache-maven-3.6.1\maven_repository\org\slf4j\slf4j-api\1.7.30\slf4j-api-1.7.30.jar;E:\apache-maven-3.6.1\maven_repository\org\springframework\plugin\spring-plugin-core\1.2.0.RELEASE\spring-plugin-core-1.2.0.RELEASE.jar;E:\apache-maven-3.6.1\maven_repository\org\springframework\plugin\spring-plugin-metadata\1.2.0.RELEASE\spring-plugin-metadata-1.2.0.RELEASE.jar;E:\apache-maven-3.6.1\maven_repository\org\mapstruct\mapstruct\1.1.0.Final\mapstruct-1.1.0.Final.jar;E:\apache-maven-3.6.1\maven_repository\com\auth0\java-jwt\3.4.0\java-jwt-3.4.0.jar;E:\apache-maven-3.6.1\maven_repository\com\fasterxml\jackson\core\jackson-databind\2.11.4\jackson-databind-2.11.4.jar;E:\apache-maven-3.6.1\maven_repository\com\fasterxml\jackson\core\jackson-core\2.11.4\jackson-core-2.11.4.jar;E:\apache-maven-3.6.1\maven_repository\commons-codec\commons-codec\1.15\commons-codec-1.15.jar;E:\apache-maven-3.6.1\maven_repository\io\springfox\springfox-swagger-ui\2.7.0\springfox-swagger-ui-2.7.0.jar;E:\apache-maven-3.6.1\maven_repository\com\alibaba\fastjson\1.2.28\fastjson-1.2.28.jar;"/>
    <property name="java.vm.vendor" value="Oracle Corporation"/>
    <property name="sun.arch.data.model" value="64"/>
    <property name="user.variant" value=""/>
    <property name="java.vendor.url" value="http://java.oracle.com/"/>
    <property name="user.timezone" value="Asia/Shanghai"/>
    <property name="java.vm.specification.version" value="1.8"/>
    <property name="os.name" value="Windows 10"/>
    <property name="user.country" value="CN"/>
    <property name="sun.java.launcher" value="SUN_STANDARD"/>
    <property name="sun.boot.library.path" value="C:\Program Files\Java\jdk1.8.0_333\jre\bin"/>
    <property name="sun.java.command" value="C:\Users\81424\AppData\Local\Temp\surefire3689359547038341427\surefirebooter1821069965731677482.jar C:\Users\81424\AppData\Local\Temp\surefire3689359547038341427 2023-12-06T04-26-40_100-jvmRun1 surefire597313988009459660tmp surefire_06785511880201535515tmp"/>
    <property name="surefire.test.class.path" value="E:\JavaProject\myblog-backend-master\myblog-backend-master\target\test-classes;E:\JavaProject\myblog-backend-master\myblog-backend-master\target\classes;E:\apache-maven-3.6.1\maven_repository\org\springframework\boot\spring-boot-starter-jdbc\2.4.4\spring-boot-starter-jdbc-2.4.4.jar;E:\apache-maven-3.6.1\maven_repository\org\springframework\boot\spring-boot-starter\2.4.4\spring-boot-starter-2.4.4.jar;E:\apache-maven-3.6.1\maven_repository\org\springframework\boot\spring-boot-starter-logging\2.4.4\spring-boot-starter-logging-2.4.4.jar;E:\apache-maven-3.6.1\maven_repository\ch\qos\logback\logback-classic\1.2.3\logback-classic-1.2.3.jar;E:\apache-maven-3.6.1\maven_repository\ch\qos\logback\logback-core\1.2.3\logback-core-1.2.3.jar;E:\apache-maven-3.6.1\maven_repository\org\apache\logging\log4j\log4j-to-slf4j\2.13.3\log4j-to-slf4j-2.13.3.jar;E:\apache-maven-3.6.1\maven_repository\org\apache\logging\log4j\log4j-api\2.13.3\log4j-api-2.13.3.jar;E:\apache-maven-3.6.1\maven_repository\org\slf4j\jul-to-slf4j\1.7.30\jul-to-slf4j-1.7.30.jar;E:\apache-maven-3.6.1\maven_repository\jakarta\annotation\jakarta.annotation-api\1.3.5\jakarta.annotation-api-1.3.5.jar;E:\apache-maven-3.6.1\maven_repository\org\yaml\snakeyaml\1.27\snakeyaml-1.27.jar;E:\apache-maven-3.6.1\maven_repository\com\zaxxer\HikariCP\3.4.5\HikariCP-3.4.5.jar;E:\apache-maven-3.6.1\maven_repository\org\springframework\spring-jdbc\5.3.5\spring-jdbc-5.3.5.jar;E:\apache-maven-3.6.1\maven_repository\org\springframework\spring-beans\5.3.5\spring-beans-5.3.5.jar;E:\apache-maven-3.6.1\maven_repository\org\springframework\spring-tx\5.3.5\spring-tx-5.3.5.jar;E:\apache-maven-3.6.1\maven_repository\org\springframework\boot\spring-boot-starter-web\2.4.4\spring-boot-starter-web-2.4.4.jar;E:\apache-maven-3.6.1\maven_repository\org\springframework\boot\spring-boot-starter-json\2.4.4\spring-boot-starter-json-2.4.4.jar;E:\apache-maven-3.6.1\maven_repository\com\fasterxml\jackson\datatype\jackson-datatype-jdk8\2.11.4\jackson-datatype-jdk8-2.11.4.jar;E:\apache-maven-3.6.1\maven_repository\com\fasterxml\jackson\datatype\jackson-datatype-jsr310\2.11.4\jackson-datatype-jsr310-2.11.4.jar;E:\apache-maven-3.6.1\maven_repository\com\fasterxml\jackson\module\jackson-module-parameter-names\2.11.4\jackson-module-parameter-names-2.11.4.jar;E:\apache-maven-3.6.1\maven_repository\org\springframework\boot\spring-boot-starter-tomcat\2.4.4\spring-boot-starter-tomcat-2.4.4.jar;E:\apache-maven-3.6.1\maven_repository\org\apache\tomcat\embed\tomcat-embed-core\9.0.44\tomcat-embed-core-9.0.44.jar;E:\apache-maven-3.6.1\maven_repository\org\glassfish\jakarta.el\3.0.3\jakarta.el-3.0.3.jar;E:\apache-maven-3.6.1\maven_repository\org\apache\tomcat\embed\tomcat-embed-websocket\9.0.44\tomcat-embed-websocket-9.0.44.jar;E:\apache-maven-3.6.1\maven_repository\org\springframework\spring-web\5.3.5\spring-web-5.3.5.jar;E:\apache-maven-3.6.1\maven_repository\org\springframework\spring-webmvc\5.3.5\spring-webmvc-5.3.5.jar;E:\apache-maven-3.6.1\maven_repository\org\springframework\spring-context\5.3.5\spring-context-5.3.5.jar;E:\apache-maven-3.6.1\maven_repository\org\springframework\spring-expression\5.3.5\spring-expression-5.3.5.jar;E:\apache-maven-3.6.1\maven_repository\org\springframework\boot\spring-boot-starter-aop\2.4.4\spring-boot-starter-aop-2.4.4.jar;E:\apache-maven-3.6.1\maven_repository\org\springframework\spring-aop\5.3.5\spring-aop-5.3.5.jar;E:\apache-maven-3.6.1\maven_repository\com\baomidou\mybatisplus-spring-boot-starter\1.0.5\mybatisplus-spring-boot-starter-1.0.5.jar;E:\apache-maven-3.6.1\maven_repository\org\springframework\boot\spring-boot-autoconfigure\2.4.4\spring-boot-autoconfigure-2.4.4.jar;E:\apache-maven-3.6.1\maven_repository\org\springframework\boot\spring-boot-configuration-processor\2.4.4\spring-boot-configuration-processor-2.4.4.jar;E:\apache-maven-3.6.1\maven_repository\com\baomidou\mybatis-plus-boot-starter\3.4.0\mybatis-plus-boot-starter-3.4.0.jar;E:\apache-maven-3.6.1\maven_repository\com\baomidou\mybatis-plus\3.4.0\mybatis-plus-3.4.0.jar;E:\apache-maven-3.6.1\maven_repository\com\baomidou\mybatis-plus-core\3.4.0\mybatis-plus-core-3.4.0.jar;E:\apache-maven-3.6.1\maven_repository\com\github\jsqlparser\jsqlparser\3.2\jsqlparser-3.2.jar;E:\apache-maven-3.6.1\maven_repository\org\mybatis\mybatis\3.5.5\mybatis-3.5.5.jar;E:\apache-maven-3.6.1\maven_repository\com\baomidou\mybatis-plus-annotation\3.4.0\mybatis-plus-annotation-3.4.0.jar;E:\apache-maven-3.6.1\maven_repository\com\baomidou\mybatis-plus-extension\3.4.0\mybatis-plus-extension-3.4.0.jar;E:\apache-maven-3.6.1\maven_repository\org\mybatis\mybatis-spring\2.0.5\mybatis-spring-2.0.5.jar;E:\apache-maven-3.6.1\maven_repository\mysql\mysql-connector-java\8.0.23\mysql-connector-java-8.0.23.jar;E:\apache-maven-3.6.1\maven_repository\org\springframework\boot\spring-boot-starter-test\2.4.4\spring-boot-starter-test-2.4.4.jar;E:\apache-maven-3.6.1\maven_repository\org\springframework\boot\spring-boot-test\2.4.4\spring-boot-test-2.4.4.jar;E:\apache-maven-3.6.1\maven_repository\org\springframework\boot\spring-boot-test-autoconfigure\2.4.4\spring-boot-test-autoconfigure-2.4.4.jar;E:\apache-maven-3.6.1\maven_repository\com\jayway\jsonpath\json-path\2.4.0\json-path-2.4.0.jar;E:\apache-maven-3.6.1\maven_repository\net\minidev\json-smart\2.3\json-smart-2.3.jar;E:\apache-maven-3.6.1\maven_repository\net\minidev\accessors-smart\1.2\accessors-smart-1.2.jar;E:\apache-maven-3.6.1\maven_repository\org\ow2\asm\asm\5.0.4\asm-5.0.4.jar;E:\apache-maven-3.6.1\maven_repository\jakarta\xml\bind\jakarta.xml.bind-api\2.3.3\jakarta.xml.bind-api-2.3.3.jar;E:\apache-maven-3.6.1\maven_repository\jakarta\activation\jakarta.activation-api\1.2.2\jakarta.activation-api-1.2.2.jar;E:\apache-maven-3.6.1\maven_repository\org\assertj\assertj-core\3.18.1\assertj-core-3.18.1.jar;E:\apache-maven-3.6.1\maven_repository\org\hamcrest\hamcrest\2.2\hamcrest-2.2.jar;E:\apache-maven-3.6.1\maven_repository\org\junit\jupiter\junit-jupiter\5.7.1\junit-jupiter-5.7.1.jar;E:\apache-maven-3.6.1\maven_repository\org\junit\jupiter\junit-jupiter-api\5.7.1\junit-jupiter-api-5.7.1.jar;E:\apache-maven-3.6.1\maven_repository\org\apiguardian\apiguardian-api\1.1.0\apiguardian-api-1.1.0.jar;E:\apache-maven-3.6.1\maven_repository\org\opentest4j\opentest4j\1.2.0\opentest4j-1.2.0.jar;E:\apache-maven-3.6.1\maven_repository\org\junit\platform\junit-platform-commons\1.7.1\junit-platform-commons-1.7.1.jar;E:\apache-maven-3.6.1\maven_repository\org\junit\jupiter\junit-jupiter-params\5.7.1\junit-jupiter-params-5.7.1.jar;E:\apache-maven-3.6.1\maven_repository\org\junit\jupiter\junit-jupiter-engine\5.7.1\junit-jupiter-engine-5.7.1.jar;E:\apache-maven-3.6.1\maven_repository\org\junit\platform\junit-platform-engine\1.7.1\junit-platform-engine-1.7.1.jar;E:\apache-maven-3.6.1\maven_repository\org\mockito\mockito-core\3.6.28\mockito-core-3.6.28.jar;E:\apache-maven-3.6.1\maven_repository\net\bytebuddy\byte-buddy\1.10.22\byte-buddy-1.10.22.jar;E:\apache-maven-3.6.1\maven_repository\net\bytebuddy\byte-buddy-agent\1.10.22\byte-buddy-agent-1.10.22.jar;E:\apache-maven-3.6.1\maven_repository\org\objenesis\objenesis\3.1\objenesis-3.1.jar;E:\apache-maven-3.6.1\maven_repository\org\mockito\mockito-junit-jupiter\3.6.28\mockito-junit-jupiter-3.6.28.jar;E:\apache-maven-3.6.1\maven_repository\org\skyscreamer\jsonassert\1.5.0\jsonassert-1.5.0.jar;E:\apache-maven-3.6.1\maven_repository\com\vaadin\external\google\android-json\0.0.20131108.vaadin1\android-json-0.0.20131108.vaadin1.jar;E:\apache-maven-3.6.1\maven_repository\org\springframework\spring-core\5.3.5\spring-core-5.3.5.jar;E:\apache-maven-3.6.1\maven_repository\org\springframework\spring-jcl\5.3.5\spring-jcl-5.3.5.jar;E:\apache-maven-3.6.1\maven_repository\org\springframework\spring-test\5.3.5\spring-test-5.3.5.jar;E:\apache-maven-3.6.1\maven_repository\org\xmlunit\xmlunit-core\2.7.0\xmlunit-core-2.7.0.jar;E:\apache-maven-3.6.1\maven_repository\com\atlassian\commonmark\commonmark\0.10.0\commonmark-0.10.0.jar;E:\apache-maven-3.6.1\maven_repository\com\atlassian\commonmark\commonmark-ext-heading-anchor\0.10.0\commonmark-ext-heading-anchor-0.10.0.jar;E:\apache-maven-3.6.1\maven_repository\com\atlassian\commonmark\commonmark-ext-gfm-tables\0.10.0\commonmark-ext-gfm-tables-0.10.0.jar;E:\apache-maven-3.6.1\maven_repository\org\springframework\boot\spring-boot-devtools\2.4.4\spring-boot-devtools-2.4.4.jar;E:\apache-maven-3.6.1\maven_repository\org\springframework\boot\spring-boot\2.4.4\spring-boot-2.4.4.jar;E:\apache-maven-3.6.1\maven_repository\org\aspectj\aspectjweaver\1.8.5\aspectjweaver-1.8.5.jar;E:\apache-maven-3.6.1\maven_repository\org\springframework\boot\spring-boot-starter-data-jpa\2.4.4\spring-boot-starter-data-jpa-2.4.4.jar;E:\apache-maven-3.6.1\maven_repository\jakarta\transaction\jakarta.transaction-api\1.3.3\jakarta.transaction-api-1.3.3.jar;E:\apache-maven-3.6.1\maven_repository\jakarta\persistence\jakarta.persistence-api\2.2.3\jakarta.persistence-api-2.2.3.jar;E:\apache-maven-3.6.1\maven_repository\org\hibernate\hibernate-core\5.4.29.Final\hibernate-core-5.4.29.Final.jar;E:\apache-maven-3.6.1\maven_repository\org\jboss\logging\jboss-logging\3.4.1.Final\jboss-logging-3.4.1.Final.jar;E:\apache-maven-3.6.1\maven_repository\org\javassist\javassist\3.27.0-GA\javassist-3.27.0-GA.jar;E:\apache-maven-3.6.1\maven_repository\antlr\antlr\2.7.7\antlr-2.7.7.jar;E:\apache-maven-3.6.1\maven_repository\org\jboss\jandex\2.2.3.Final\jandex-2.2.3.Final.jar;E:\apache-maven-3.6.1\maven_repository\org\dom4j\dom4j\2.1.3\dom4j-2.1.3.jar;E:\apache-maven-3.6.1\maven_repository\org\hibernate\common\hibernate-commons-annotations\5.1.2.Final\hibernate-commons-annotations-5.1.2.Final.jar;E:\apache-maven-3.6.1\maven_repository\org\glassfish\jaxb\jaxb-runtime\2.3.3\jaxb-runtime-2.3.3.jar;E:\apache-maven-3.6.1\maven_repository\org\glassfish\jaxb\txw2\2.3.3\txw2-2.3.3.jar;E:\apache-maven-3.6.1\maven_repository\com\sun\istack\istack-commons-runtime\3.0.11\istack-commons-runtime-3.0.11.jar;E:\apache-maven-3.6.1\maven_repository\com\sun\activation\jakarta.activation\1.2.2\jakarta.activation-1.2.2.jar;E:\apache-maven-3.6.1\maven_repository\org\springframework\data\spring-data-jpa\2.4.6\spring-data-jpa-2.4.6.jar;E:\apache-maven-3.6.1\maven_repository\org\springframework\data\spring-data-commons\2.4.6\spring-data-commons-2.4.6.jar;E:\apache-maven-3.6.1\maven_repository\org\springframework\spring-orm\5.3.5\spring-orm-5.3.5.jar;E:\apache-maven-3.6.1\maven_repository\org\springframework\spring-aspects\5.3.5\spring-aspects-5.3.5.jar;E:\apache-maven-3.6.1\maven_repository\javax\validation\validation-api\2.0.1.Final\validation-api-2.0.1.Final.jar;E:\apache-maven-3.6.1\maven_repository\com\google\code\gson\gson\2.8.5\gson-2.8.5.jar;E:\apache-maven-3.6.1\maven_repository\org\jsoup\jsoup\1.10.2\jsoup-1.10.2.jar;E:\apache-maven-3.6.1\maven_repository\org\projectlombok\lombok\1.18.4\lombok-1.18.4.jar;E:\apache-maven-3.6.1\maven_repository\io\springfox\springfox-swagger2\2.7.0\springfox-swagger2-2.7.0.jar;E:\apache-maven-3.6.1\maven_repository\io\swagger\swagger-annotations\1.5.13\swagger-annotations-1.5.13.jar;E:\apache-maven-3.6.1\maven_repository\io\swagger\swagger-models\1.5.13\swagger-models-1.5.13.jar;E:\apache-maven-3.6.1\maven_repository\com\fasterxml\jackson\core\jackson-annotations\2.11.4\jackson-annotations-2.11.4.jar;E:\apache-maven-3.6.1\maven_repository\io\springfox\springfox-spi\2.7.0\springfox-spi-2.7.0.jar;E:\apache-maven-3.6.1\maven_repository\io\springfox\springfox-core\2.7.0\springfox-core-2.7.0.jar;E:\apache-maven-3.6.1\maven_repository\io\springfox\springfox-schema\2.7.0\springfox-schema-2.7.0.jar;E:\apache-maven-3.6.1\maven_repository\io\springfox\springfox-swagger-common\2.7.0\springfox-swagger-common-2.7.0.jar;E:\apache-maven-3.6.1\maven_repository\io\springfox\springfox-spring-web\2.7.0\springfox-spring-web-2.7.0.jar;E:\apache-maven-3.6.1\maven_repository\org\reflections\reflections\0.9.11\reflections-0.9.11.jar;E:\apache-maven-3.6.1\maven_repository\com\google\guava\guava\18.0\guava-18.0.jar;E:\apache-maven-3.6.1\maven_repository\com\fasterxml\classmate\1.5.1\classmate-1.5.1.jar;E:\apache-maven-3.6.1\maven_repository\org\slf4j\slf4j-api\1.7.30\slf4j-api-1.7.30.jar;E:\apache-maven-3.6.1\maven_repository\org\springframework\plugin\spring-plugin-core\1.2.0.RELEASE\spring-plugin-core-1.2.0.RELEASE.jar;E:\apache-maven-3.6.1\maven_repository\org\springframework\plugin\spring-plugin-metadata\1.2.0.RELEASE\spring-plugin-metadata-1.2.0.RELEASE.jar;E:\apache-maven-3.6.1\maven_repository\org\mapstruct\mapstruct\1.1.0.Final\mapstruct-1.1.0.Final.jar;E:\apache-maven-3.6.1\maven_repository\com\auth0\java-jwt\3.4.0\java-jwt-3.4.0.jar;E:\apache-maven-3.6.1\maven_repository\com\fasterxml\jackson\core\jackson-databind\2.11.4\jackson-databind-2.11.4.jar;E:\apache-maven-3.6.1\maven_repository\com\fasterxml\jackson\core\jackson-core\2.11.4\jackson-core-2.11.4.jar;E:\apache-maven-3.6.1\maven_repository\commons-codec\commons-codec\1.15\commons-codec-1.15.jar;E:\apache-maven-3.6.1\maven_repository\io\springfox\springfox-swagger-ui\2.7.0\springfox-swagger-ui-2.7.0.jar;E:\apache-maven-3.6.1\maven_repository\com\alibaba\fastjson\1.2.28\fastjson-1.2.28.jar;"/>
    <property name="sun.cpu.endian" value="little"/>
    <property name="user.home" value="C:\Users\81424"/>
    <property name="user.language" value="zh"/>
    <property name="java.specification.vendor" value="Oracle Corporation"/>
    <property name="java.home" value="C:\Program Files\Java\jdk1.8.0_333\jre"/>
    <property name="basedir" value="E:\JavaProject\myblog-backend-master\myblog-backend-master"/>
    <property name="file.separator" value="\"/>
    <property name="line.separator" value="&#10;"/>
    <property name="java.vm.specification.vendor" value="Oracle Corporation"/>
    <property name="java.specification.name" value="Java Platform API Specification"/>
    <property name="java.awt.graphicsenv" value="sun.awt.Win32GraphicsEnvironment"/>
    <property name="surefire.real.class.path" value="C:\Users\81424\AppData\Local\Temp\surefire3689359547038341427\surefirebooter1821069965731677482.jar"/>
    <property name="sun.boot.class.path" value="C:\Program Files\Java\jdk1.8.0_333\jre\lib\resources.jar;C:\Program Files\Java\jdk1.8.0_333\jre\lib\rt.jar;C:\Program Files\Java\jdk1.8.0_333\jre\lib\sunrsasign.jar;C:\Program Files\Java\jdk1.8.0_333\jre\lib\jsse.jar;C:\Program Files\Java\jdk1.8.0_333\jre\lib\jce.jar;C:\Program Files\Java\jdk1.8.0_333\jre\lib\charsets.jar;C:\Program Files\Java\jdk1.8.0_333\jre\lib\jfr.jar;C:\Program Files\Java\jdk1.8.0_333\jre\classes"/>
    <property name="user.script" value=""/>
    <property name="sun.management.compiler" value="HotSpot 64-Bit Tiered Compilers"/>
    <property name="java.runtime.version" value="1.8.0_333-b02"/>
    <property name="user.name" value="81424"/>
    <property name="path.separator" value=";"/>
    <property name="os.version" value="10.0"/>
    <property name="java.endorsed.dirs" value="C:\Program Files\Java\jdk1.8.0_333\jre\lib\endorsed"/>
    <property name="java.runtime.name" value="Java(TM) SE Runtime Environment"/>
    <property name="file.encoding" value="GBK"/>
    <property name="java.vm.name" value="Java HotSpot(TM) 64-Bit Server VM"/>
    <property name="localRepository" value="E:\apache-maven-3.6.1\maven_repository"/>
    <property name="java.vendor.url.bug" value="http://bugreport.sun.com/bugreport/"/>
    <property name="java.io.tmpdir" value="C:\Users\81424\AppData\Local\Temp\"/>
    <property name="idea.version" value="2023.1.1"/>
    <property name="java.version" value="1.8.0_333"/>
    <property name="user.dir" value="E:\JavaProject\myblog-backend-master\myblog-backend-master"/>
    <property name="os.arch" value="amd64"/>
    <property name="java.vm.specification.name" value="Java Virtual Machine Specification"/>
    <property name="java.awt.printerjob" value="sun.awt.windows.WPrinterJob"/>
    <property name="sun.os.patch.level" value=""/>
    <property name="java.library.path" value="C:\Program Files\Java\jdk1.8.0_333\jre\bin;C:\WINDOWS\Sun\Java\bin;C:\WINDOWS\system32;C:\WINDOWS;C:\Program Files\PlasticSCM5\server;C:\Program Files\PlasticSCM5\client;C:\Program Files (x86)\VMware\VMware Workstation\bin\;C:\Program Files\Java\jdk1.8.0_333\bin;C:\WINDOWS\system32;C:\WINDOWS;C:\WINDOWS\System32\Wbem;C:\WINDOWS\System32\WindowsPowerShell\v1.0\;C:\WINDOWS\System32\OpenSSH\;C:\Program Files\NVIDIA Corporation\NVIDIA NvDLISR;C:\Program Files\MySQL\MySQL Server 8.0\bin;C:\Program Files\dotnet\;E:\apache-maven-3.6.1\bin;C:\Program Files (x86)\NVIDIA Corporation\PhysX\Common;C:\Program Files (x86)\pcsuite\;C:\Program Files\Git\cmd;C:\Program Files (x86)\Tencent\微信web开发者工具\dll;C:\Program Files\MySQL\MySQL Server 5.1\bin;C:\Program Files (x86)\NetSarang\Xshell 7\;C:\Program Files (x86)\NetSarang\Xftp 7\;C:\Users\81424\Documents\ffmpeg-6.1-essentials_build\bin;C:\Program Files\Erlang OTP\bin;C:\Program Files\nodejs\;C:\Users\81424\scoop\shims;C:\Users\81424\AppData\Local\Programs\Python\Python312\Scripts\;C:\Users\81424\AppData\Local\Programs\Python\Python312\;C:\Users\81424\AppData\Local\Programs\Python\Launcher\;C:\Users\81424\AppData\Local\Microsoft\WindowsApps;%IntelliJ IDEA Community Edition%;C:\Program Files\JetBrains\PyCharm Community Edition 2023.2.5\bin;;C:\Users\81424\AppData\Local\Programs\Microsoft VS Code\bin;C:\Program Files\JetBrains\IntelliJ IDEA 2023.1.1\bin;;C:\Users\81424\.dotnet\tools;E:\apache-maven-3.6.1\bin;C:\Users\81424\AppData\Local\GitHubDesktop\bin;C:\Program Files\cpolar\;C:\Program Files\JetBrains\PyCharm 2023.2.5\bin;;C:\Program Files\Huawei\DevEco Studio\bin;;C:\Users\81424\AppData\Roaming\npm;."/>
    <property name="java.vm.info" value="mixed mode"/>
    <property name="java.vendor" value="Oracle Corporation"/>
    <property name="java.vm.version" value="25.333-b02"/>
    <property name="java.ext.dirs" value="C:\Program Files\Java\jdk1.8.0_333\jre\lib\ext;C:\WINDOWS\Sun\Java\lib\ext"/>
    <property name="sun.io.unicode.encoding" value="UnicodeLittle"/>
    <property name="java.class.version" value="52.0"/>
  </properties>
  <testcase name="contextLoads" classname="com.example.blog2.Blog2ApplicationTests" time="0.077"/>
</testsuite>